<?xml version="1.0" encoding="UTF-8"?>
<coverage generated="1714955171604" clover="3.2.0">
  <project timestamp="1714955171604" name="All files">
    <metrics statements="43" coveredstatements="40" conditionals="5" coveredconditionals="5" methods="18" coveredmethods="15" elements="66" coveredelements="60" complexity="0" loc="43" ncloc="43" packages="3" files="4" classes="4"/>
    <package name="entities">
      <metrics statements="24" coveredstatements="22" conditionals="0" coveredconditionals="0" methods="11" coveredmethods="9"/>
      <file name="product.ts" path="C:\Users\guilh\OneDrive\Documentos\GitHub\produtos-ms\application\src\domain\entities\product.ts">
        <metrics statements="24" coveredstatements="22" conditionals="0" coveredconditionals="0" methods="11" coveredmethods="9"/>
        <line num="1" count="1" type="stmt"/>
        <line num="2" count="1" type="stmt"/>
        <line num="4" count="1" type="stmt"/>
        <line num="10" count="3" type="stmt"/>
        <line num="21" count="3" type="stmt"/>
        <line num="22" count="3" type="stmt"/>
        <line num="23" count="2" type="stmt"/>
        <line num="24" count="2" type="stmt"/>
        <line num="25" count="2" type="stmt"/>
        <line num="38" count="1" type="stmt"/>
        <line num="39" count="1" type="stmt"/>
        <line num="40" count="1" type="stmt"/>
        <line num="41" count="1" type="stmt"/>
        <line num="42" count="1" type="stmt"/>
        <line num="43" count="1" type="stmt"/>
        <line num="47" count="2" type="stmt"/>
        <line num="51" count="2" type="stmt"/>
        <line num="55" count="2" type="stmt"/>
        <line num="59" count="2" type="stmt"/>
        <line num="63" count="0" type="stmt"/>
        <line num="67" count="1" type="stmt"/>
        <line num="71" count="0" type="stmt"/>
        <line num="75" count="1" type="stmt"/>
        <line num="79" count="1" type="stmt"/>
      </file>
    </package>
    <package name="error">
      <metrics statements="2" coveredstatements="2" conditionals="0" coveredconditionals="0" methods="1" coveredmethods="1"/>
      <file name="InvalidCategoryError.ts" path="C:\Users\guilh\OneDrive\Documentos\GitHub\produtos-ms\application\src\domain\error\InvalidCategoryError.ts">
        <metrics statements="2" coveredstatements="2" conditionals="0" coveredconditionals="0" methods="1" coveredmethods="1"/>
        <line num="1" count="1" type="stmt"/>
        <line num="4" count="2" type="stmt"/>
      </file>
    </package>
    <package name="value_object">
      <metrics statements="17" coveredstatements="16" conditionals="5" coveredconditionals="5" methods="6" coveredmethods="5"/>
      <file name="category.ts" path="C:\Users\guilh\OneDrive\Documentos\GitHub\produtos-ms\application\src\domain\value_object\category.ts">
        <metrics statements="12" coveredstatements="12" conditionals="5" coveredconditionals="5" methods="3" coveredmethods="3"/>
        <line num="1" count="1" type="stmt"/>
        <line num="3" count="1" type="stmt"/>
        <line num="4" count="1" type="stmt"/>
        <line num="5" count="1" type="stmt"/>
        <line num="6" count="1" type="stmt"/>
        <line num="7" count="1" type="stmt"/>
        <line num="12" count="3" type="cond" truecount="1" falsecount="0"/>
        <line num="18" count="1" type="stmt"/>
        <line num="21" count="2" type="stmt"/>
        <line num="25" count="2" type="stmt"/>
        <line num="29" count="1" type="stmt"/>
        <line num="30" count="1" type="stmt"/>
      </file>
      <file name="money.ts" path="C:\Users\guilh\OneDrive\Documentos\GitHub\produtos-ms\application\src\domain\value_object\money.ts">
        <metrics statements="5" coveredstatements="4" conditionals="0" coveredconditionals="0" methods="3" coveredmethods="2"/>
        <line num="1" count="1" type="stmt"/>
        <line num="5" count="2" type="stmt"/>
        <line num="9" count="2" type="stmt"/>
        <line num="13" count="1" type="stmt"/>
        <line num="14" count="0" type="stmt"/>
      </file>
    </package>
  </project>
</coverage>
